

CATCH COMPARISONS
******************
OPTION FILE   DESCRIPTION
===========   ==============================================
0021B.OP7     Stage 2 calibration 0021B   OCN old data set JdeF NCBC spt FPs hand comp 83 and 84 fixed mcb term fps




CEILINGS SPECIFIED FOR Alaska T
Catch level comparison

      Actual   0021B    |0021B   
Year   Catch    MDL Cat | Compare
==== ========  ======== |========
1979   334306    227182 |   0.680
1980   303885    235503 |   0.775
1981   248791    216949 |   0.872
1982   242315    213394 |   0.881
1983   269790    271539 |   1.006
1984   235629    221805 |   0.941
1985   212166    179934 |   0.848
1986   231590    196407 |   0.848
1987   231051    195950 |   0.848
1988   217083    184104 |   0.848
1989   224181    190124 |   0.848
1990   263558    223519 |   0.848
1991   231622    196434 |   0.848
1992   162570    137873 |   0.848
1993   212414    180144 |   0.848
1994   177074    150173 |   0.848
1995   115260     97750 |   0.848
1996   108086     91666 |   0.848
1997   221899    188188 |   0.848
1998   183408    155545 |   0.848
1999   132832    112652 |   0.848
2000   400000    139109 |   0.348

CEILINGS SPECIFIED FOR North T
Catch level comparison

      Actual   0021B    |0021B   
Year   Catch    MDL Cat | Compare
==== ========  ======== |========
1979   148726    169802 |   1.142
1980   163563    154995 |   0.948
1981   151731    156419 |   1.031
1982   174147    167699 |   0.963
1983   163055    127073 |   0.779
1984   179665    192325 |   1.070
1985   186723    184329 |   0.987
1986   152999    151038 |   0.987
1987   177457    175182 |   0.987
1988   152369    150416 |   0.987
1989   207679    205017 |   0.987
1990   154116    152140 |   0.987
1991   194015    191528 |   0.987
1992   142268    140444 |   0.987
1993   161719    159646 |   0.987
1994   164795    162682 |   0.987
1995    56425     55702 |   0.987
1996       15        15 |   1.000
1997    86815     85702 |   0.987
1998   114442    112975 |   0.987
1999    44572     44001 |   0.987
2000   400000     90650 |   0.227

CEILINGS SPECIFIED FOR Centr T
Catch level comparison

      Actual   0021B    |0021B   
Year   Catch    MDL Cat | Compare
==== ========  ======== |========
1979   109034    149651 |   1.373
1980    97889    131411 |   1.342
1981    79670    149417 |   1.875
1982    74731    140719 |   1.883
1983   105569     81015 |   0.767
1984    83303     49656 |   0.596
1985    28818     36762 |   1.276
1986    52556     67044 |   1.276
1987    64016     81663 |   1.276
1988    31104     39679 |   1.276
1989    19093     24356 |   1.276
1990    27312     34841 |   1.276
1991    27853     35531 |   1.276
1992    42308     53971 |   1.276
1993    24484     31234 |   1.276
1994    20136     25687 |   1.276
1995     4589      5854 |   1.276
1996        1         1 |   1.000
1997    10226     13045 |   1.276
1998     3171      4045 |   1.276
1999     2144      2735 |   1.276
2000   400000     20231 |   0.051

CEILINGS SPECIFIED FOR WCVI T
Catch level comparison

      Actual   0021B    |0021B   
Year   Catch    MDL Cat | Compare
==== ========  ======== |========
1979   480373    548031 |   1.141
1980   488155    459634 |   0.942
1981   397518    467527 |   1.176
1982   543783    479430 |   0.882
1983   385367    446876 |   1.160
1984   460057    695416 |   1.512
1985   354068    397974 |   1.124
1986   342063    384480 |   1.124
1987   378931    425920 |   1.124
1988   408724    459407 |   1.124
1989   203695    228954 |   1.124
1990   297974    334924 |   1.124
1991   202919    228082 |   1.124
1992   346741    389738 |   1.124
1993   274745    308814 |   1.124
1994   145928    164024 |   1.124
1995    80992     91035 |   1.124
1996        4         4 |   1.000
1997    53306     59916 |   1.124
1998    10300     11577 |   1.124
1999        0         0 | - NA - 
2000   400000    226493 |   0.566

CEILINGS SPECIFIED FOR WA/OR T
Catch level comparison

      Actual   0021B    |0021B   
Year   Catch    MDL Cat | Compare
==== ========  ======== |========
1979   138258    232588 |   1.682
1980   133523    183702 |   1.376
1981   124315    190330 |   1.531
1982   166991    193685 |   1.160
1983    80783     69644 |   0.862
1984    32532     54624 |   1.679
1985    64508     88176 |   1.367
1986    81929    111989 |   1.367
1987   124131    169674 |   1.367
1988   157879    215805 |   1.367
1989   140605    192193 |   1.367
1990   112512    153792 |   1.367
1991    88715    121264 |   1.367
1992    99565    136095 |   1.367
1993    65955     90154 |   1.367
1994     7655     10464 |   1.367
1995    15783     21574 |   1.367
1996    22070     30167 |   1.367
1997    21049     28772 |   1.367
1998    21196     28973 |   1.367
1999    45292     61910 |   1.367
2000   400000     43079 |   0.108

CEILINGS SPECIFIED FOR Geo St T
Catch level comparison

      Actual   0021B    |0021B   
Year   Catch    MDL Cat | Compare
==== ========  ======== |========
1979   257278    240442 |   0.935
1980   273122    198439 |   0.727
1981   238876    191288 |   0.801
1982   178498    162927 |   0.913
1983   105061    103947 |   0.989
1984    88158     89359 |   1.014
1985    55686     48141 |   0.865
1986    43899     37951 |   0.865
1987    38695     33452 |   0.865
1988    19611     16954 |   0.865
1989    28474     24616 |   0.865
1990    34384     29725 |   0.865
1991    32230     27863 |   0.865
1992    37249     32202 |   0.865
1993    33237     28734 |   0.865
1994    12988     11228 |   0.864
1995        3         3 |   1.000
1996        2         2 |   1.000
1997      855       739 |   0.864
1998      587       507 |   0.864
1999       74        64 |   0.865
2000   400000     27792 |   0.069

CEILINGS SPECIFIED FOR Alaska N
Catch level comparison

      Actual   0021B    |0021B   
Year   Catch    MDL Cat | Compare
==== ========  ======== |========
1979    28455     17223 |   0.605
1980    20114     15770 |   0.784
1981    18951     19265 |   1.017
1982    48999     19712 |   0.402
1983    19655     16951 |   0.862
1984    32398     20179 |   0.623
1985    34168     22114 |   0.647
1986    20483     13257 |   0.647
1987    13952      9030 |   0.647
1988    17443     11289 |   0.647
1989    18540     11999 |   0.647
1990    16100     10420 |   0.647
1991    20048     12975 |   0.647
1992    23995     15530 |   0.647
1993    16503     10681 |   0.647
1994    23272     15062 |   0.647
1995    28600     18510 |   0.647
1996     9200      5954 |   0.647
1997    13892      8991 |   0.647
1998    13441      8699 |   0.647
1999    12917      8360 |   0.647
2000   400000      7866 |   0.020

CEILINGS SPECIFIED FOR North N
Catch level comparison

      Actual   0021B    |0021B   
Year   Catch    MDL Cat | Compare
==== ========  ======== |========
1979    55472     38078 |   0.686
1980    35882     33402 |   0.931
1981    53337     36590 |   0.686
1982    77462     36071 |   0.466
1983    25318     19554 |   0.772
1984    47293     25742 |   0.544
1985    63177     40602 |   0.643
1986    38061     24461 |   0.643
1987    38579     24794 |   0.643
1988    27550     17706 |   0.643
1989    42005     26996 |   0.643
1990    32132     20650 |   0.643
1991    49303     31686 |   0.643
1992    35004     22496 |   0.643
1993    35883     23061 |   0.643
1994    18910     12153 |   0.643
1995    24300     15617 |   0.643
1996    19356     12440 |   0.643
1997    15516      9972 |   0.643
1998    21602     13883 |   0.643
1999    12886      8281 |   0.643
2000   400000     15905 |   0.040

CEILINGS SPECIFIED FOR Centr N
Catch level comparison

      Actual   0021B    |0021B   
Year   Catch    MDL Cat | Compare
==== ========  ======== |========
1979    76120     78286 |   1.028
1980    49142     72972 |   1.485
1981    29458     63684 |   2.162
1982    47082     56013 |   1.190
1983    32575     11602 |   0.356
1984     9644      3755 |   0.389
1985    27141     31845 |   1.173
1986    55391     64991 |   1.173
1987    21395     25103 |   1.173
1988    21224     24902 |   1.173
1989     6275      7363 |   1.173
1990    28489     33426 |   1.173
1991    15024     17628 |   1.173
1992    17030     19981 |   1.173
1993     7791      9141 |   1.173
1994     9310     10924 |   1.173
1995     3992      4684 |   1.173
1996     3089      3624 |   1.173
1997     3739      4387 |   1.173
1998     4983      5847 |   1.173
1999     4234      4968 |   1.173
2000   400000     12931 |   0.032

CEILINGS SPECIFIED FOR J De F N
Catch level comparison

      Actual   0021B    |0021B   
Year   Catch    MDL Cat | Compare
==== ========  ======== |========
1979    34912     19694 |   0.564
1980     7883     18305 |   2.322
1981    29245     18901 |   0.646
1982    16961     17394 |   1.026
1983     3689      1373 |   0.372
1984    20802     10338 |   0.497
1985    44617     33811 |   0.758
1986    59851     45356 |   0.758
1987    11255      8529 |   0.758
1988    11781      8928 |   0.758
1989    32008     24256 |   0.758
1990    12798      9698 |   0.758
1991    11780      8927 |   0.758
1992    15605     11826 |   0.758
1993     2813      2132 |   0.758
1994    13840     10488 |   0.758
1995     1530      1159 |   0.758
1996      607       460 |   0.758
1997      386       293 |   0.759
1998      150       114 |   0.760
1999      304       230 |   0.757
2000   400000      5929 |   0.015

CEILINGS SPECIFIED FOR PgtNth N
Catch level comparison

      Actual   0021B    |0021B   
Year   Catch    MDL Cat | Compare
==== ========  ======== |========
1979    64689     51135 |   0.790
1980    75658     51964 |   0.687
1981    69236     48065 |   0.694
1982    61310     47121 |   0.769
1983    44638     49671 |   1.113
1984    45552     39368 |   0.864
1985    46363     36915 |   0.796
1986    38000     30264 |   0.796
1987    40000     31851 |   0.796
1988    42000     33433 |   0.796
1989    26000     20701 |   0.796
1990    13902     11064 |   0.796
1991    15143     12052 |   0.796
1992    14938     11888 |   0.796
1993    14636     11650 |   0.796
1994    19727     15706 |   0.796
1995    10030      7982 |   0.796
1996     4397      3499 |   0.796
1997    30261     24080 |   0.796
1998     3063      2437 |   0.796
1999      769       612 |   0.796
2000   400000     13970 |   0.035

CEILINGS SPECIFIED FOR John St N
Catch level comparison

      Actual   0021B    |0021B   
Year   Catch    MDL Cat | Compare
==== ========  ======== |========
1979    44323     68754 |   1.551
1980    48881     63032 |   1.289
1981    49393     56691 |   1.148
1982    43134     45470 |   1.054
1983    59876     81050 |   1.354
1984    38065     33035 |   0.868
1985    50948     62507 |   1.227
1986    25422     31190 |   1.227
1987    21134     25929 |   1.227
1988    10785     13232 |   1.227
1989    36639     44952 |   1.227
1990    23733     29118 |   1.227
1991    19714     24187 |   1.227
1992    13896     17049 |   1.227
1993    22858     28044 |   1.227
1994    11683     14334 |   1.227
1995     1644      2017 |   1.227
1996      555       681 |   1.227
1997      853      1047 |   1.227
1998       77        94 |   1.221
1999      159       195 |   1.226
2000   400000     19108 |   0.048

CEILINGS SPECIFIED FOR Alaska S
Catch level comparison

      Actual   0021B    |0021B   
Year   Catch    MDL Cat | Compare
==== ========  ======== |========
1979    16581     11269 |   0.680
1980    20213     11871 |   0.587
1981    21300     11307 |   0.531
1982    25756     12417 |   0.482
1983    22321     17544 |   0.786
1984    22050     16388 |   0.743
1985    23031     14513 |   0.630
1986    19185     12089 |   0.630
1987    20456     12890 |   0.630
1988    22248     14019 |   0.630
1989    26790     16881 |   0.630
1990    41360     26063 |   0.630
1991    45133     28440 |   0.630
1992    35348     22274 |   0.630
1993    42697     26905 |   0.630
1994    35501     22371 |   0.630
1995    34871     21974 |   0.630
1996    29122     18351 |   0.630
1997    55787     35154 |   0.630
1998    47951     30216 |   0.630
1999    47386     29860 |   0.630
2000   400000     22121 |   0.055

CEILINGS SPECIFIED FOR Nor/Cen S
Catch level comparison

      Actual   0021B    |0021B   
Year   Catch    MDL Cat | Compare
==== ========  ======== |========
1979    15302     22797 |   1.490
1980    19669     22318 |   1.135
1981    11425     21762 |   1.905
1982    17274     22094 |   1.279
1983    12353     11909 |   0.964
1984    10525      9983 |   0.949
1985     9867     12639 |   1.281
1986    12619     16164 |   1.281
1987    13827     17712 |   1.281
1988    19307     24731 |   1.281
1989    35650     45666 |   1.281
1990    31967     40948 |   1.281
1991    32496     41625 |   1.281
1992    37881     48523 |   1.281
1993    38232     48973 |   1.281
1994    38947     49889 |   1.281
1995    30000     38428 |   1.281
1996    11000     14090 |   1.281
1997    40000     51238 |   1.281
1998    40400     51750 |   1.281
1999    40000     51238 |   1.281
2000   400000     34148 |   0.085

CEILINGS SPECIFIED FOR WCVI S
Catch level comparison

      Actual   0021B    |0021B   
Year   Catch    MDL Cat | Compare
==== ========  ======== |========
1979     4100     14761 |   3.600
1980     6100     16012 |   2.625
1981     8800     18578 |   2.111
1982    10000     20301 |   2.030
1983    28000     16432 |   0.587
1984    21200     14633 |   0.690
1985    23100     29752 |   1.288
1986    17100     22024 |   1.288
1987    34800     44821 |   1.288
1988    12800     16486 |   1.288
1989    38800     49972 |   1.288
1990    35000     45078 |   1.288
1991    39500     50874 |   1.288
1992    26200     33744 |   1.288
1993    28800     37093 |   1.288
1994    25400     32714 |   1.288
1995    18600     23956 |   1.288
1996    12200     15713 |   1.288
1997    14600     18804 |   1.288
1998    13500     17387 |   1.288
1999    49999     64396 |   1.288
2000   400000     12840 |   0.032

CEILINGS SPECIFIED FOR Wash Ocn S
Catch level comparison

      Actual   0021B    |0021B   
Year   Catch    MDL Cat | Compare
==== ========  ======== |========
1979    82316    100197 |   1.217
1980    59102     88524 |   1.498
1981    96167     88926 |   0.925
1982   114987     74088 |   0.644
1983    51829     40362 |   0.779
1984     6991     15465 |   2.212
1985    30156     29875 |   0.991
1986    23200     22984 |   0.991
1987    44600     44185 |   0.991
1988    19400     19219 |   0.991
1989    20900     20705 |   0.991
1990    32900     32594 |   0.991
1991    13300     13176 |   0.991
1992    18900     18724 |   0.991
1993    13600     13473 |   0.991
1994        0         0 | - NA - 
1995      600       594 |   0.990
1996      200       198 |   0.990
1997     4100      4062 |   0.991
1998     2200      2180 |   0.991
1999    10800     10699 |   0.991
2000   400000     11073 |   0.028

CEILINGS SPECIFIED FOR PgtNth S
Catch level comparison

      Actual   0021B    |0021B   
Year   Catch    MDL Cat | Compare
==== ========  ======== |========
1979    84461     67164 |   0.795
1980    68646     63075 |   0.919
1981    61079     61260 |   1.003
1982    36795     58066 |   1.578
1983    73226     41553 |   0.567
1984    73762     48376 |   0.656
1985    56877     48520 |   0.853
1986    84000     71658 |   0.853
1987    67000     57156 |   0.853
1988    48000     40947 |   0.853
1989    61000     52037 |   0.853
1990    58273     49711 |   0.853
1991    44782     38202 |   0.853
1992    45226     38581 |   0.853
1993    39350     33568 |   0.853
1994     7456      6360 |   0.853
1995    14212     12124 |   0.853
1996    19910     16985 |   0.853
1997    21364     18225 |   0.853
1998    25230     21523 |   0.853
1999     8900      7592 |   0.853
2000   400000     19019 |   0.048

CEILINGS SPECIFIED FOR PgtSth S
Catch level comparison

      Actual   0021B    |0021B   
Year   Catch    MDL Cat | Compare
==== ========  ======== |========
1979   156402     87420 |   0.559
1980   142799     85678 |   0.600
1981   106048     82244 |   0.776
1982    85703     79487 |   0.927
1983   123752     50273 |   0.406
1984   102740     51797 |   0.504
1985    92603     56392 |   0.609
1986    88000     53589 |   0.609
1987    59000     35929 |   0.609
1988    63000     38365 |   0.609
1989    75000     45673 |   0.609
1990    71000     43237 |   0.609
1991    48859     29754 |   0.609
1992    51656     31457 |   0.609
1993    41034     24988 |   0.609
1994    40830     24864 |   0.609
1995    53480     32568 |   0.609
1996    56246     34252 |   0.609
1997    37105     22596 |   0.609
1998    48649     29626 |   0.609
1999    17200     10474 |   0.609
2000   400000     25049 |   0.063

CEILINGS SPECIFIED FOR Geo St S
Catch level comparison

      Actual   0021B    |0021B   
Year   Catch    MDL Cat | Compare
==== ========  ======== |========
1979   350000    501727 |   1.434
1980   371000    446939 |   1.205
1981   253300    407556 |   1.609
1982   163793    267521 |   1.633
1983   198433    167457 |   0.844
1984   369445    397094 |   1.075
1985   234838    301233 |   1.283
1986   181896    233323 |   1.283
1987   121081    155314 |   1.283
1988   119117    152795 |   1.283
1989   132846    170405 |   1.283
1990   111914    143555 |   1.283
1991   115523    148184 |   1.283
1992   116579    149539 |   1.283
1993   125762    161318 |   1.283
1994    72285     92722 |   1.283
1995    65035     83422 |   1.283
1996   100032    128314 |   1.283
1997    59880     76810 |   1.283
1998    21482     27556 |   1.283
1999    52305     67093 |   1.283
2000   400000    127641 |   0.319


TERMINAL RUN COMPARISONS
************************
OPTION FILE   DESCRIPTION
===========   ==============================================
0021B.OP7     Stage 2 calibration 0021B   OCN old data set JdeF NCBC spt FPs hand comp 83 and 84 fixed mcb term fps




TERMINAL RUN CALIBRATION FOR NTH
----------------------------------------------
COMPARISON FOR ADULTS ONLY

       Calib   0021B    |0021B   
Year   Specs    TRM Run | Compare
==== ========  ======== |========
1979    65589     69511 |   1.060
1980    73819     73200 |   0.992
1981    77497     76792 |   0.991
1982    81130     77824 |   0.959
1983    79798     88913 |   1.114
1984   104271    104678 |   1.004
1985   137688    127530 |   0.926
1986   160810    150085 |   0.933
1987   146249    155369 |   1.062
1988   170827    169441 |   0.992
1989   182280    172961 |   0.949
1990   171153    174013 |   1.017
1991   155317    167379 |   1.078
1992   186898    175173 |   0.937
1993   185544    171567 |   0.925
1994   137418    146621 |   1.067
1995   113944    144074 |   1.264
1996   215259    170121 |   0.790
1997   140139    159190 |   1.136
1998   137556    144136 |   1.048
1999   150775    155332 |   1.030
2000        0    159818 | - NA - 

TERMINAL RUN CALIBRATION FOR FRE
----------------------------------------------
COMPARISON FOR ADULTS ONLY

       Calib   0021B    |0021B   
Year   Specs    TRM Run | Compare
==== ========  ======== |========
1979   104568     94653 |   0.905
1980    68973     78419 |   1.137
1981    64315     70712 |   1.099
1982    81206     74580 |   0.918
1983    72672     81096 |   1.116
1984    93287     99305 |   1.065
1985   122149    115641 |   0.947
1986   144836    130494 |   0.901
1987   128095    130061 |   1.015
1988   129394    126884 |   0.981
1989   101605    114203 |   1.124
1990   129910    117752 |   0.906
1991   110503    109067 |   0.987
1992    93570    101224 |   1.082
1993    89587    101115 |   1.129
1994   126656    108538 |   0.857
1995   110200    125036 |   1.135
1996   160600    152393 |   0.949
1997   167100    152239 |   0.911
1998   151000    144306 |   0.956
1999   106000    128444 |   1.212
2000        0    118058 | - NA - 

TERMINAL RUN CALIBRATION FOR RBH+RBT
----------------------------------------------
COMPARISON FOR ADULTS ONLY

       Calib   0021B    |0021B   
Year   Specs    TRM Run | Compare
==== ========  ======== |========
1979   107087     77153 |   0.720
1980    90652    116888 |   1.289
1981    97533     82986 |   0.851
1982   150701    150623 |   0.999
1983   151745    138540 |   0.913
1984   155546    170909 |   1.099
1985   131030    129793 |   0.991
1986    77107     80698 |   1.047
1987   100040    110386 |   1.103
1988   166674    157804 |   0.947
1989   222590    221804 |   0.996
1990   254204    259388 |   1.020
1991   360656    343035 |   0.951
1992   293617    282318 |   0.962
1993   338375    308140 |   0.911
1994   186849    219506 |   1.175
1995    62390    106973 |   1.715
1996    85412     86315 |   1.011
1997   145202    156707 |   1.079
1998   183594    160777 |   0.876
1999    98400     92641 |   0.941
2000    15040     21040 |   1.399

TERMINAL RUN CALIBRATION FOR GSH
----------------------------------------------
COMPARISON FOR ADULTS ONLY

       Calib   0021B    |0021B   
Year   Specs    TRM Run | Compare
==== ========  ======== |========
1979    13290     15624 |   1.176
1980    13001     13883 |   1.068
1981    11430      9470 |   0.829
1982    10125      9382 |   0.927
1983    10871     10773 |   0.991
1984    14140     11520 |   0.815
1985    17376     19142 |   1.102
1986    15077     15835 |   1.050
1987    11423     12380 |   1.084
1988     7457      7749 |   1.039
1989    12899     12691 |   0.984
1990    13317     14652 |   1.100
1991    14561     17442 |   1.198
1992    15185     13936 |   0.918
1993    15192     10399 |   0.685
1994    14206     11872 |   0.836
1995     9198     16668 |   1.812
1996    18647     18546 |   0.995
1997    29331     16058 |   0.547
1998    19666     24828 |   1.262
1999    20000     23497 |   1.175
2000        0     19165 | - NA - 

TERMINAL RUN CALIBRATION FOR NKF
----------------------------------------------
COMPARISON FOR ADULTS ONLY

       Calib   0021B    |0021B   
Year   Specs    TRM Run | Compare
==== ========  ======== |========
1979    82790     91658 |   1.107
1980   113292    100906 |   0.891
1981    90282    100035 |   1.108
1982   111772    100959 |   0.903
1983    83361    108626 |   1.303
1984   133521    114445 |   0.857
1985   136902    128538 |   0.939
1986   111231    104751 |   0.942
1987    67749     76589 |   1.130
1988    50918     62904 |   1.235
1989    75652     78935 |   1.043
1990   105152     79582 |   0.757
1991    41085     52393 |   1.275
1992    27703     34592 |   1.249
1993    36504     30830 |   0.845
1994    29073     28937 |   0.995
1995    22498     26128 |   1.161
1996    30263     28272 |   0.934
1997    35440     31863 |   0.899
1998    29809     30642 |   1.028
1999    27000     28112 |   1.041
2000    19000     21277 |   1.120

TERMINAL RUN CALIBRATION FOR PSF+PSY
----------------------------------------------
COMPARISON FOR ADULTS ONLY

       Calib   0021B    |0021B   
Year   Specs    TRM Run | Compare
==== ========  ======== |========
1979    53050     62930 |   1.186
1980    67691     66112 |   0.977
1981    75073     65619 |   0.874
1982    50039     58420 |   1.167
1983    56512     64339 |   1.139
1984    77796     64291 |   0.826
1985    62493     65046 |   1.041
1986    60276     62607 |   1.039
1987    71909     73823 |   1.027
1988    79297     81639 |   1.030
1989    98384     91754 |   0.933
1990    84122     75754 |   0.901
1991    54993     58721 |   1.068
1992    39661     45550 |   1.148
1993    44560     47073 |   1.056
1994    60604     64755 |   1.068
1995    96956     80411 |   0.829
1996    79074     78940 |   0.998
1997    65231     71500 |   1.096
1998    76930     70870 |   0.921
1999    69285     76329 |   1.102
2000    69800     67306 |   0.964

TERMINAL RUN CALIBRATION FOR PSN
----------------------------------------------
COMPARISON FOR ADULTS ONLY

       Calib   0021B    |0021B   
Year   Specs    TRM Run | Compare
==== ========  ======== |========
1979    28435     27058 |   0.952
1980    23341     21746 |   0.932
1981    12131     15794 |   1.302
1982    13438     17744 |   1.320
1983    29377     24699 |   0.841
1984    23234     24044 |   1.035
1985    27595     26164 |   0.948
1986    23951     28612 |   1.195
1987    42059     39867 |   0.948
1988    47124     46132 |   0.979
1989    51605     54305 |   1.052
1990    61372     50964 |   0.830
1991    37257     40814 |   1.095
1992    26453     28393 |   1.073
1993    21252     24194 |   1.138
1994    31120     29487 |   0.948
1995    36922     33828 |   0.916
1996    36808     33314 |   0.905
1997    21099     27103 |   1.285
1998    29238     26349 |   0.901
1999    28400     26249 |   0.924
2000    10000     15364 |   1.536

TERMINAL RUN CALIBRATION FOR SKG
----------------------------------------------
COMPARISON FOR ADULTS ONLY

       Calib   0021B    |0021B   
Year   Specs    TRM Run | Compare
==== ========  ======== |========
1979    24124     26310 |   1.091
1980    30887     29760 |   0.964
1981    21430     23985 |   1.119
1982    24053     21550 |   0.896
1983    15270     15099 |   0.989
1984    15764     18072 |   1.146
1985    25891     28505 |   1.101
1986    22541     19324 |   0.857
1987    13344     13113 |   0.983
1988    14984     15806 |   1.055
1989    13391     15753 |   1.176
1990    19381     15891 |   0.820
1991     8564      9902 |   1.156
1992     9114      8097 |   0.888
1993     6926      6544 |   0.945
1994     6189      7239 |   1.170
1995     9452      9527 |   1.008
1996    12239     10502 |   0.858
1997     6214      9931 |   1.598
1998    14931     10705 |   0.717
1999     7600      8461 |   1.113
2000     7300      6988 |   0.957

TERMINAL RUN CALIBRATION FOR SNO
----------------------------------------------
COMPARISON FOR ADULTS ONLY

       Calib   0021B    |0021B   
Year   Specs    TRM Run | Compare
==== ========  ======== |========
1979    13583     14635 |   1.077
1980    17616     14366 |   0.816
1981     9776     11642 |   1.191
1982     9112     10038 |   1.102
1983    11052     10010 |   0.906
1984     8819      9293 |   1.054
1985     9352      9006 |   0.963
1986     8664      8390 |   0.968
1987     6967      7645 |   1.097
1988     7744      7238 |   0.935
1989     6263      7175 |   1.146
1990     8437      6921 |   0.820
1991     5046      5783 |   1.146
1992     4355      4960 |   1.139
1993     5498      5025 |   0.914
1994     5017      5154 |   1.027
1995     5103      5633 |   1.104
1996     7950      6286 |   0.791
1997     4409      5762 |   1.307
1998     6364      5717 |   0.898
1999     5600      6059 |   1.082
2000     6000      5997 |   0.999

TERMINAL RUN CALIBRATION FOR WCH
----------------------------------------------
COMPARISON FOR ADULTS ONLY

       Calib   0021B    |0021B   
Year   Specs    TRM Run | Compare
==== ========  ======== |========
1979    24200     26532 |   1.096
1980    31280     26336 |   0.842
1981    23049     23376 |   1.014
1982    19078     19938 |   1.045
1983    15164     18355 |   1.210
1984    21608     19800 |   0.916
1985    22278     22867 |   1.026
1986    23768     31102 |   1.309
1987    44661     46608 |   1.044
1988    78721     63986 |   0.813
1989    77163     66683 |   0.864
1990    47813     60093 |   1.257
1991    51599     56632 |   1.098
1992    68550     60423 |   0.881
1993    60905     58422 |   0.959
1994    47047     52010 |   1.105
1995    53249     50791 |   0.954
1996    57840     51515 |   0.891
1997    35207     38421 |   1.091
1998    25047     25910 |   1.034
1999     8964     17382 |   1.939
2000        0     16244 | - NA - 

TERMINAL RUN CALIBRATION FOR URB
----------------------------------------------
COMPARISON FOR ADULTS ONLY

       Calib   0021B    |0021B   
Year   Specs    TRM Run | Compare
==== ========  ======== |========
1979    89200     87094 |   0.976
1980    76800     81271 |   1.058
1981    66700     80380 |   1.205
1982    79000     92315 |   1.169
1983    86000     67670 |   0.787
1984   131300    130017 |   0.990
1985   196500    219008 |   1.115
1986   281500    303543 |   1.078
1987   420600    389619 |   0.926
1988   339900    376984 |   1.109
1989   261400    189193 |   0.724
1990   153600    133205 |   0.867
1991   103500    126529 |   1.223
1992    81000     68672 |   0.848
1993   103000     89230 |   0.866
1994   132800    154466 |   1.163
1995   106500    109225 |   1.026
1996   143100    118586 |   0.829
1997   164900    145260 |   0.881
1998   142300    169894 |   1.194
1999   166700    153368 |   0.920
2000   171100    212317 |   1.241

TERMINAL RUN CALIBRATION FOR SPR
----------------------------------------------
COMPARISON FOR ADULTS ONLY

       Calib   0021B    |0021B   
Year   Specs    TRM Run | Compare
==== ========  ======== |========
1979    95200     98553 |   1.035
1980    97800    104333 |   1.067
1981    86300     80410 |   0.932
1982   120800    122674 |   1.016
1983    28800     26121 |   0.907
1984    47500     44965 |   0.947
1985    33200     35058 |   1.056
1986    16600     17224 |   1.038
1987     9100      9106 |   1.001
1988    12000     14061 |   1.172
1989    26800     25226 |   0.941
1990    19000     18643 |   0.981
1991    52400     53714 |   1.025
1992    29500     28210 |   0.956
1993    16800     16001 |   0.952
1994    18500     18771 |   1.015
1995    33800     33230 |   0.983
1996    33100     39766 |   1.201
1997    27400     22293 |   0.814
1998    20200     24096 |   1.193
1999    49200     46083 |   0.937
2000    21900     17335 |   0.792

TERMINAL RUN CALIBRATION FOR BON+CWF
----------------------------------------------
COMPARISON FOR ADULTS ONLY

       Calib   0021B    |0021B   
Year   Specs    TRM Run | Compare
==== ========  ======== |========
1979   118700    118248 |   0.996
1980   105600     86527 |   0.819
1981    94800    111747 |   1.179
1982   139400    150645 |   1.081
1983    88100    113135 |   1.284
1984   102500     89638 |   0.875
1985   111000    120153 |   1.082
1986   154800    198191 |   1.280
1987   344000    441609 |   1.284
1988   309900    203738 |   0.657
1989   131000     78248 |   0.597
1990    59900     61851 |   1.033
1991    62700     67927 |   1.083
1992    62600     62350 |   0.996
1993    52300     59624 |   1.140
1994    53600     39058 |   0.729
1995    46300     59508 |   1.285
1996    75500     66903 |   0.886
1997    57400     54506 |   0.950
1998    45300     35727 |   0.789
1999    37300     39971 |   1.072
2000    23700     17095 |   0.721

TERMINAL RUN CALIBRATION FOR LRW
----------------------------------------------
COMPARISON FOR ADULTS ONLY

       Calib   0021B    |0021B   
Year   Specs    TRM Run | Compare
==== ========  ======== |========
1979    32700     29602 |   0.905
1980    38800     33726 |   0.869
1981    25000     30043 |   1.202
1982    13100     16059 |   1.226
1983    16800     16596 |   0.988
1984    13300     11646 |   0.876
1985    13200     14324 |   1.085
1986    24400     20123 |   0.825
1987    37900     39661 |   1.046
1988    41800     35165 |   0.841
1989    38700     46836 |   1.210
1990    20300     21869 |   1.077
1991    19800     16557 |   0.836
1992    12500     11492 |   0.919
1993    13400     13799 |   1.030
1994    12100     11993 |   0.991
1995    16000     19730 |   1.233
1996    14600     13328 |   0.913
1997    12300     13251 |   1.077
1998     7200      7398 |   1.028
1999     3400      3556 |   1.046
2000     3500      4053 |   1.158

TERMINAL RUN CALIBRATION FOR WSH
----------------------------------------------
COMPARISON FOR ADULTS ONLY

       Calib   0021B    |0021B   
Year   Specs    TRM Run | Compare
==== ========  ======== |========
1979    48626     46120 |   0.948
1980    43067     56854 |   1.320
1981    57227     54243 |   0.948
1982    77079     73551 |   0.954
1983    61220     54155 |   0.885
1984    85636     86688 |   1.012
1985    68342     71314 |   1.043
1986    71586     66315 |   0.926
1987    94853     94625 |   0.998
1988   119019    124534 |   1.046
1989   112549    114920 |   1.021
1990   131339    109742 |   0.836
1991   109454    137748 |   1.259
1992    82824     76622 |   0.925
1993    68318     64976 |   0.951
1994    52604     51392 |   0.977
1995    43364     49754 |   1.147
1996    37335     29810 |   0.798
1997    39582     44006 |   1.112
1998    47282     48245 |   1.020
1999    55801     55520 |   0.995
2000    61211     57202 |   0.935

TERMINAL RUN CALIBRATION FOR CWS
----------------------------------------------
COMPARISON FOR ADULTS ONLY

       Calib   0021B    |0021B   
Year   Specs    TRM Run | Compare
==== ========  ======== |========
1979    19810     23002 |   1.161
1980    28491     27545 |   0.967
1981    34150     35365 |   1.036
1982    31646     27914 |   0.882
1983    29876     27782 |   0.930
1984    29515     27393 |   0.928
1985    14365     18095 |   1.260
1986    16661     19590 |   1.176
1987    36951     35113 |   0.950
1988    24892     30114 |   1.210
1989    22329     20916 |   0.937
1990    18841     17772 |   0.943
1991    19892     16695 |   0.839
1992    18339     20619 |   1.124
1993    18908     16916 |   0.895
1994     7421      9955 |   1.341
1995     6658      4208 |   0.632
1996     4150      4772 |   1.150
1997     4641      4333 |   0.934
1998     3045      3165 |   1.039
1999     4296      4744 |   1.104
2000     6050      4922 |   0.814

TERMINAL RUN CALIBRATION FOR WCN
----------------------------------------------
COMPARISON FOR ADULTS ONLY

       Calib   0021B    |0021B   
Year   Specs    TRM Run | Compare
==== ========  ======== |========
1979    25800     30923 |   1.199
1980    39900     33692 |   0.844
1981    32502     33527 |   1.032
1982    36251     32397 |   0.894
1983    22530     31534 |   1.400
1984    42047     34776 |   0.827
1985    33140     40560 |   1.224
1986    51719     52063 |   1.007
1987    71455     65167 |   0.912
1988    79739     78458 |   0.984
1989    92938     80328 |   0.864
1990    75332     72951 |   0.968
1991    49354     60090 |   1.218
1992    51524     53174 |   1.032
1993    48508     48730 |   1.005
1994    47364     45563 |   0.962
1995    45487     46350 |   1.019
1996    52997     50408 |   0.951
1997    43979     43759 |   0.995
1998    39650     38911 |   0.981
1999    27945     36782 |   1.316
2000        0     34741 | - NA - 

TERMINAL RUN CALIBRATION FOR MCB
----------------------------------------------
COMPARISON FOR ADULTS ONLY

       Calib   0021B    |0021B   
Year   Specs    TRM Run | Compare
==== ========  ======== |========
1979        0       137 | - NA - 
1980        0      2076 | - NA - 
1981     4500      5483 |   1.218
1982     8800      9136 |   1.038
1983    14500     12810 |   0.883
1984    11700     11081 |   0.947
1985     5700      8425 |   1.478
1986    17300     20446 |   1.182
1987    57000     56879 |   0.998
1988    77900     92937 |   1.193
1989    93300     81833 |   0.877
1990    59200     52503 |   0.887
1991    35900     33861 |   0.943
1992    31200     29569 |   0.948
1993    27500     32157 |   1.169
1994    31900     31133 |   0.976
1995    30500     29836 |   0.978
1996    59600     45117 |   0.757
1997    59800     60022 |   1.004
1998    36800     48621 |   1.321
1999    50100     48697 |   0.972
2000    50600     53460 |   1.057


ESCAPEMENT COMPARISONS
**********************
OPTION FILE   DESCRIPTION
===========   ==============================================
0021B.OP7     Stage 2 calibration 0021B   OCN old data set JdeF NCBC spt FPs hand comp 83 and 84 fixed mcb term fps




ESCAPEMENT CALIBRATION FOR AKS
----------------------------------------------

ADULT COMPARISON ONLY
       Calib   0021B    |0021B   
Year   Specs    Adlt Es | Compare
==== ========  ======== |========
1979     5972      9072 |   1.519
1980     8919      9083 |   1.018
1981     7858     11729 |   1.493
1982    13060      9863 |   0.755
1983    13369     14454 |   1.081
1984    17760     17422 |   0.981
1985    16501     20578 |   1.247
1986    28791     21707 |   0.754
1987    25459     20491 |   0.805
1988    17207     22689 |   1.319
1989    15087     14478 |   0.960
1990    10319      9930 |   0.962
1991     8427      9642 |   1.144
1992     8977      8049 |   0.897
1993    10949     11260 |   1.028
1994    10027      9882 |   0.986
1995     8769      8342 |   0.951
1996     9416      8055 |   0.855
1997     7070      8469 |   1.198
1998     9606      8850 |   0.921
1999    12654     12147 |   0.960
2000        0     18967 | - NA - 

ESCAPEMENT CALIBRATION FOR FRL
----------------------------------------------

ADULT COMPARISON ONLY
       Calib   0021B    |0021B   
Year   Specs    Adlt Es | Compare
==== ========  ======== |========
1979   126879    154633 |   1.219
1980   126457    105293 |   0.833
1981   106664     99018 |   0.928
1982   116429    137149 |   1.178
1983   100829    111703 |   1.108
1984   119495    114381 |   0.957
1985   177062    134770 |   0.761
1986   163832    172508 |   1.053
1987    96092     93970 |   0.978
1988    49761     62840 |   1.263
1989    76979    190604 |   2.476
1990   177984     98238 |   0.552
1991   100244     62114 |   0.620
1992   168858    182515 |   1.081
1993   138986    161701 |   1.163
1994    99339     71317 |   0.718
1995    61678     76702 |   1.244
1996    62114     48395 |   0.779
1997   153220    146782 |   0.958
1998   264200    268057 |   1.015
1999   189400    217604 |   1.149
2000   220400    187970 |   0.853

ESCAPEMENT CALIBRATION FOR GSQ
----------------------------------------------

ADULT COMPARISON ONLY
       Calib   0021B    |0021B   
Year   Specs    Adlt Es | Compare
==== ========  ======== |========
1979    13916     12082 |   0.868
1980     7476     10650 |   1.425
1981    10965     12506 |   1.141
1982    13851     10217 |   0.738
1983    13684     11818 |   0.864
1984     9009     10142 |   1.126
1985    10428     12258 |   1.175
1986    25778     23121 |   0.897
1987    27800     20730 |   0.746
1988    16140     20815 |   1.290
1989    21650     22375 |   1.033
1990    17680     14065 |   0.796
1991    13291     18408 |   1.385
1992    16917     12944 |   0.765
1993     4170      9064 |   2.174
1994     3770      5224 |   1.386
1995     9400      8503 |   0.905
1996     7500      8873 |   1.183
1997    10210     10382 |   1.017
1998    14450     13300 |   0.920
1999    16142     16731 |   1.036
2000        0     19452 | - NA - 

ESCAPEMENT CALIBRATION FOR GST
----------------------------------------------

ADULT COMPARISON ONLY
       Calib   0021B    |0021B   
Year   Specs    Adlt Es | Compare
==== ========  ======== |========
1979    11210     10900 |   0.972
1980    10519     12242 |   1.164
1981     7607      8453 |   1.111
1982     6657      5628 |   0.845
1983     6861      5849 |   0.852
1984     8861      6963 |   0.786
1985     5242      6744 |   1.287
1986     3776      5092 |   1.349
1987     3781      5238 |   1.385
1988     7930      6156 |   0.776
1989     8077      7400 |   0.916
1990     7627      8739 |   1.146
1991     8510      9675 |   1.137
1992    12076     10915 |   0.904
1993     9077      7026 |   0.774
1994     7964      8333 |   1.046
1995    19047     16820 |   0.883
1996    17103     16022 |   0.937
1997    11892     11759 |   0.989
1998     8992     11068 |   1.231
1999     9032     10799 |   1.196
2000        0     11094 | - NA - 

ESCAPEMENT CALIBRATION FOR NKS
----------------------------------------------

ADULT COMPARISON ONLY
       Calib   0021B    |0021B   
Year   Specs    Adlt Es | Compare
==== ========  ======== |========
1979        0     71359 | - NA - 
1980     1821      1761 |   0.967
1981     1549      1337 |   0.863
1982      479       736 |   1.537
1983      510       582 |   1.141
1984      689       700 |   1.016
1985      946       814 |   0.860
1986      679       727 |   1.071
1987      638       649 |   1.017
1988        0       648 | - NA - 
1989        0       693 | - NA - 
1990        0       735 | - NA - 
1991        0       648 | - NA - 
1992        0       645 | - NA - 
1993        0       623 | - NA - 
1994        0       710 | - NA - 
1995        0       758 | - NA - 
1996        0       690 | - NA - 
1997        0       783 | - NA - 
1998        0       977 | - NA - 
1999        0      1046 | - NA - 
2000        0       834 | - NA - 

ESCAPEMENT CALIBRATION FOR STL
----------------------------------------------

ADULT COMPARISON ONLY
       Calib   0021B    |0021B   
Year   Specs    Adlt Es | Compare
==== ========  ======== |========
1979     1042       982 |   0.942
1980      821       831 |   1.012
1981      630       718 |   1.140
1982      773       623 |   0.806
1983      387       519 |   1.341
1984      374       639 |   1.709
1985     1409      1106 |   0.785
1986     1277      1262 |   0.988
1987     1321      1195 |   0.905
1988      717       904 |   1.261
1989      811       827 |   1.020
1990      842      1034 |   1.228
1991     1632      1201 |   0.736
1992      780      1026 |   1.315
1993      928       910 |   0.981
1994      954       928 |   0.973
1995      822      1008 |   1.226
1996     1384      1124 |   0.812
1997     1156      1296 |   1.121
1998     1544      1357 |   0.879
1999     1098      1341 |   1.221
2000     1500      1370 |   0.913

ESCAPEMENT CALIBRATION FOR SUM
----------------------------------------------

ADULT COMPARISON ONLY
       Calib   0021B    |0021B   
Year   Specs    Adlt Es | Compare
==== ========  ======== |========
1979    25870     25157 |   0.972
1980    23556     22404 |   0.951
1981    17146     17880 |   1.043
1982    13780     14212 |   1.031
1983    12087     13844 |   1.145
1984    16560     15937 |   0.962
1985    19359     17942 |   0.927
1986    18467     19873 |   1.076
1987    22706     20939 |   0.922
1988    20287     21898 |   1.079
1989    24535     21775 |   0.888
1990    18384     19258 |   1.048
1991    14365     14567 |   1.014
1992    10311     12818 |   1.243
1993    15424     14373 |   0.932
1994    16876     15220 |   0.902
1995    14045     14331 |   1.020
1996    12377     14032 |   1.134
1997    16440     15303 |   0.931
1998    15430     17105 |   1.109
1999    22276     22331 |   1.002
2000    28038     27214 |   0.971

ESCAPEMENT CALIBRATION FOR ORC
----------------------------------------------

ADULT COMPARISON ONLY
       Calib   0021B    |0021B   
Year   Specs    Adlt Es | Compare
==== ========  ======== |========
1979    56400     77103 |   1.367
1980    57148     60786 |   1.064
1981    54482     52246 |   0.959
1982    59480     47391 |   0.797
1983    40116     42083 |   1.049
1984    80215     85143 |   1.061
1985    94881     66812 |   0.704
1986   101373     90154 |   0.889
1987    89041    124005 |   1.393
1988   147540    132185 |   0.896
1989    88592     71819 |   0.811
1990    68032     79154 |   1.163
1991    74954     80275 |   1.071
1992    88747     86673 |   0.977
1993    44134     57361 |   1.300
1994    86139     93393 |   1.084
1995    81195     95407 |   1.175
1996    92624     65504 |   0.707
1997    58542     60298 |   1.030
1998    65086     65462 |   1.006
1999    66039     63436 |   0.961
2000    63259     61457 |   0.972

ESCAPEMENT CALIBRATION FOR LYF
----------------------------------------------

ADULT COMPARISON ONLY
       Calib   0021B    |0021B   
Year   Specs    Adlt Es | Compare
==== ========  ======== |========
1979      500       533 |   1.066
1980      450       450 |   1.000
1981      340       343 |   1.009
1982      720       502 |   0.697
1983      428       475 |   1.110
1984      324       574 |   1.772
1985      438       412 |   0.941
1986      449       312 |   0.695
1987      253       366 |   1.447
1988      368       257 |   0.698
1989      295       285 |   0.966
1990       78       228 |   2.923
1991      318       204 |   0.642
1992      549       536 |   0.976
1993      742       640 |   0.863
1994      406       506 |   1.246
1995      350       375 |   1.071
1996      639       449 |   0.703
1997      797       684 |   0.858
1998      306       885 |   2.892
1999     1631      1366 |   0.838
2000        0      1243 | - NA - 


MATURATION RATE COMPARISONS
***************************
OPTION FILE   DESCRIPTION
===========   ==============================================
0021B.OP7     Stage 2 calibration 0021B   OCN old data set JdeF NCBC spt FPs hand comp 83 and 84 fixed mcb term fps




MATURATION RATE COMPARISON FOR STOCK      AKS
--------------------------------------------------------
Calibration      Age 3     Age 4
---------------------------------
0021B.OP7   0.120946  0.648181


MATURATION RATE COMPARISON FOR STOCK      NTH
--------------------------------------------------------
Calibration      Age 3     Age 4
---------------------------------
0021B.OP7   0.144694  0.690020


MATURATION RATE COMPARISON FOR STOCK      FRE
--------------------------------------------------------
Calibration      Age 3     Age 4
---------------------------------
0021B.OP7   0.144637  0.685963


MATURATION RATE COMPARISON FOR STOCK      FRL
--------------------------------------------------------
Calibration      Age 3     Age 4
---------------------------------
0021B.OP7   0.057326  0.708704


MATURATION RATE COMPARISON FOR STOCK      RBH
--------------------------------------------------------
Calibration      Age 3     Age 4
---------------------------------
0021B.OP7   0.199231  0.682664


MATURATION RATE COMPARISON FOR STOCK      RBT
--------------------------------------------------------
Calibration      Age 3     Age 4
---------------------------------
0021B.OP7   0.199231  0.682664


MATURATION RATE COMPARISON FOR STOCK      GSQ
--------------------------------------------------------
Calibration      Age 3     Age 4
---------------------------------
0021B.OP7   0.009526  0.245708


MATURATION RATE COMPARISON FOR STOCK      GST
--------------------------------------------------------
Calibration      Age 3     Age 4
---------------------------------
0021B.OP7   0.225087  0.920816


MATURATION RATE COMPARISON FOR STOCK      GSH
--------------------------------------------------------
Calibration      Age 3     Age 4
---------------------------------
0021B.OP7   0.225087  0.920816


MATURATION RATE COMPARISON FOR STOCK      NKF
--------------------------------------------------------
Calibration      Age 3     Age 4
---------------------------------
0021B.OP7   0.139901  0.868322


MATURATION RATE COMPARISON FOR STOCK      PSF
--------------------------------------------------------
Calibration      Age 3     Age 4
---------------------------------
0021B.OP7   0.135783  0.808293


MATURATION RATE COMPARISON FOR STOCK      PSN
--------------------------------------------------------
Calibration      Age 3     Age 4
---------------------------------
0021B.OP7   0.142674  0.807476


MATURATION RATE COMPARISON FOR STOCK      PSY
--------------------------------------------------------
Calibration      Age 3     Age 4
---------------------------------
0021B.OP7   0.130778  0.649513


MATURATION RATE COMPARISON FOR STOCK      NKS
--------------------------------------------------------
Calibration      Age 3     Age 4
---------------------------------
0021B.OP7   0.367081  0.905138


MATURATION RATE COMPARISON FOR STOCK      SKG
--------------------------------------------------------
Calibration      Age 3     Age 4
---------------------------------
0021B.OP7   0.191139  0.808502


MATURATION RATE COMPARISON FOR STOCK      STL
--------------------------------------------------------
Calibration      Age 3     Age 4
---------------------------------
0021B.OP7   0.218942  0.889392


MATURATION RATE COMPARISON FOR STOCK      SNO
--------------------------------------------------------
Calibration      Age 3     Age 4
---------------------------------
0021B.OP7   0.147377  0.738822


MATURATION RATE COMPARISON FOR STOCK      WCH
--------------------------------------------------------
Calibration      Age 3     Age 4
---------------------------------
0021B.OP7   0.192378  0.590293


MATURATION RATE COMPARISON FOR STOCK      URB
--------------------------------------------------------
Calibration      Age 3     Age 4
---------------------------------
0021B.OP7   0.109822  0.542199


MATURATION RATE COMPARISON FOR STOCK      SPR
--------------------------------------------------------
Calibration      Age 3     Age 4
---------------------------------
0021B.OP7   0.600385  0.953023


MATURATION RATE COMPARISON FOR STOCK      BON
--------------------------------------------------------
Calibration      Age 3     Age 4
---------------------------------
0021B.OP7   0.390027  0.987760


MATURATION RATE COMPARISON FOR STOCK      CWF
--------------------------------------------------------
Calibration      Age 3     Age 4
---------------------------------
0021B.OP7   0.126494  0.815951


MATURATION RATE COMPARISON FOR STOCK      LRW
--------------------------------------------------------
Calibration      Age 3     Age 4
---------------------------------
0021B.OP7   0.109430  0.658828


MATURATION RATE COMPARISON FOR STOCK      WSH
--------------------------------------------------------
Calibration      Age 3     Age 4
---------------------------------
0021B.OP7   0.511693  0.933249


MATURATION RATE COMPARISON FOR STOCK      CWS
--------------------------------------------------------
Calibration      Age 3     Age 4
---------------------------------
0021B.OP7   0.658547  0.990353


MATURATION RATE COMPARISON FOR STOCK      SUM
--------------------------------------------------------
Calibration      Age 3     Age 4
---------------------------------
0021B.OP7   0.023914  0.496548


MATURATION RATE COMPARISON FOR STOCK      ORC
--------------------------------------------------------
Calibration      Age 3     Age 4
---------------------------------
0021B.OP7   0.169266  0.480431


MATURATION RATE COMPARISON FOR STOCK      WCN
--------------------------------------------------------
Calibration      Age 3     Age 4
---------------------------------
0021B.OP7   0.213293  0.539041


MATURATION RATE COMPARISON FOR STOCK      LYF
--------------------------------------------------------
Calibration      Age 3     Age 4
---------------------------------
0021B.OP7   0.204495  0.649873


MATURATION RATE COMPARISON FOR STOCK      MCB
--------------------------------------------------------
Calibration      Age 3     Age 4
---------------------------------
0021B.OP7   0.109822  0.542199



Stock EV COMPARISONS
********************
OPTION FILE   DESCRIPTION
===========   ==============================================
0021B.OP7     Stage 2 calibration 0021B   OCN old data set JdeF NCBC spt FPs hand comp 83 and 84 fixed mcb term fps




EV SCALAR COMPARISONS FOR STOCK           AKS
-------------------------------------------------
Comparisons in relation to EVs generated by 1st OP6 file

     0021B    |
Year  EV Sclr |
====  ========|
1979   1.2432 |
1980   1.3591 |
1981   1.4659 |
1982   1.5834 |
1983   1.7614 |
1984   1.2831 |
1985   0.9412 |
1986   0.5200 |
1987   0.7315 |
1988   0.7066 |
1989   0.7828 |
1990   0.5236 |
1991   0.6119 |
1992   0.6711 |
1993   0.5128 |
1994   0.6909 |
1995   0.6483 |
1996   1.7854 |
1997   0.8617 |
1998   0.8617 |
1999   0.8617 |
2000   0.8617 |

EV SCALAR COMPARISONS FOR STOCK           NTH
-------------------------------------------------
Comparisons in relation to EVs generated by 1st OP6 file

     0021B    |
Year  EV Sclr |
====  ========|
1979   1.0115 |
1980   1.0134 |
1981   1.1482 |
1982   1.2207 |
1983   1.1884 |
1984   1.1618 |
1985   1.1080 |
1986   1.0198 |
1987   0.9895 |
1988   1.0553 |
1989   1.0157 |
1990   0.8296 |
1991   0.7714 |
1992   1.0293 |
1993   0.8674 |
1994   0.7519 |
1995   0.9224 |
1996   0.9484 |
1997   0.9039 |
1998   0.9039 |
1999   0.9039 |
2000   0.9039 |

EV SCALAR COMPARISONS FOR STOCK           FRE
-------------------------------------------------
Comparisons in relation to EVs generated by 1st OP6 file

     0021B    |
Year  EV Sclr |
====  ========|
1979   0.8373 |
1980   1.0694 |
1981   1.4896 |
1982   1.5602 |
1983   1.0354 |
1984   0.9145 |
1985   0.8210 |
1986   0.7671 |
1987   0.6892 |
1988   0.5841 |
1989   0.7332 |
1990   0.7514 |
1991   0.7935 |
1992   0.9137 |
1993   1.1599 |
1994   0.8951 |
1995   0.6582 |
1996   0.6023 |
1997   0.8458 |
1998   0.8458 |
1999   0.8458 |
2000   0.8458 |

EV SCALAR COMPARISONS FOR STOCK           FRL
-------------------------------------------------
Comparisons in relation to EVs generated by 1st OP6 file

     0021B    |
Year  EV Sclr |
====  ========|
1979   2.2713 |
1980   2.1120 |
1981   3.3326 |
1982   3.6480 |
1983   1.3963 |
1984   1.0206 |
1985   0.3795 |
1986   2.5522 |
1987   0.9755 |
1988   3.7114 |
1989   2.1125 |
1990   2.0201 |
1991   0.4053 |
1992   0.5377 |
1993   0.8422 |
1994   3.4870 |
1995   0.5949 |
1996   4.8242 |
1997   0.6421 |
1998   2.0781 |
1999   2.0781 |
2000   2.0781 |

EV SCALAR COMPARISONS FOR STOCK           RBH
-------------------------------------------------
Comparisons in relation to EVs generated by 1st OP6 file

     0021B    |
Year  EV Sclr |
====  ========|
1979   1.3257 |
1980   1.0331 |
1981   0.6113 |
1982   0.5578 |
1983   0.1203 |
1984   0.8939 |
1985   0.8541 |
1986   1.6775 |
1987   1.9575 |
1988   1.6408 |
1989   1.9388 |
1990   1.4519 |
1991   0.1518 |
1992   0.0599 |
1993   0.5140 |
1994   0.9178 |
1995   0.2131 |
1996   0.0898 |
1997   0.0228 |
1998   0.3515 |
1999   0.3515 |
2000   0.3515 |

EV SCALAR COMPARISONS FOR STOCK           RBT
-------------------------------------------------
Comparisons in relation to EVs generated by 1st OP6 file

     0021B    |
Year  EV Sclr |
====  ========|
1979   1.3257 |
1980   1.0331 |
1981   0.6113 |
1982   0.5578 |
1983   0.1203 |
1984   0.8939 |
1985   0.8541 |
1986   1.6775 |
1987   1.9575 |
1988   1.6408 |
1989   1.9388 |
1990   1.4519 |
1991   0.1518 |
1992   0.0599 |
1993   0.5140 |
1994   0.9178 |
1995   0.2131 |
1996   0.0898 |
1997   0.0228 |
1998   0.3515 |
1999   0.3515 |
2000   0.3515 |

EV SCALAR COMPARISONS FOR STOCK           GSQ
-------------------------------------------------
Comparisons in relation to EVs generated by 1st OP6 file

     0021B    |
Year  EV Sclr |
====  ========|
1979   0.8005 |
1980   0.9350 |
1981   1.7641 |
1982   2.1846 |
1983   0.9040 |
1984   1.9710 |
1985   0.5182 |
1986   1.0285 |
1987   0.6005 |
1988   0.6193 |
1989   0.1564 |
1990   0.3782 |
1991   0.2891 |
1992   0.3409 |
1993   0.6146 |
1994   0.8093 |
1995   0.7690 |
1996   1.3672 |
1997   0.7802 |
1998   0.7802 |
1999   0.7802 |
2000   0.7802 |

EV SCALAR COMPARISONS FOR STOCK           GST
-------------------------------------------------
Comparisons in relation to EVs generated by 1st OP6 file

     0021B    |
Year  EV Sclr |
====  ========|
1979   1.2675 |
1980   0.6662 |
1981   1.3681 |
1982   0.8656 |
1983   0.5497 |
1984   0.7209 |
1985   0.4859 |
1986   1.2394 |
1987   0.6733 |
1988   1.1770 |
1989   0.6311 |
1990   0.5461 |
1991   0.5989 |
1992   1.2684 |
1993   0.7545 |
1994   0.4705 |
1995   0.2396 |
1996   0.3677 |
1997   0.6202 |
1998   0.6202 |
1999   0.6202 |
2000   0.6202 |

EV SCALAR COMPARISONS FOR STOCK           GSH
-------------------------------------------------
Comparisons in relation to EVs generated by 1st OP6 file

     0021B    |
Year  EV Sclr |
====  ========|
1979   1.0914 |
1980   0.5748 |
1981   1.4700 |
1982   1.1082 |
1983   0.6237 |
1984   0.3055 |
1985   0.2323 |
1986   0.5455 |
1987   0.3744 |
1988   0.6636 |
1989   0.3304 |
1990   0.3918 |
1991   0.2868 |
1992   0.3759 |
1993   0.4517 |
1994   0.4940 |
1995   0.3180 |
1996   0.4539 |
1997   0.4187 |
1998   0.4187 |
1999   0.4187 |
2000   0.4187 |

EV SCALAR COMPARISONS FOR STOCK           NKF
-------------------------------------------------
Comparisons in relation to EVs generated by 1st OP6 file

     0021B    |
Year  EV Sclr |
====  ========|
1979   2.4184 |
1980   2.9794 |
1981   2.9771 |
1982   1.6897 |
1983   1.0834 |
1984   1.2498 |
1985   1.7138 |
1986   1.6356 |
1987   1.2728 |
1988   0.9443 |
1989   0.6418 |
1990   0.6187 |
1991   0.3474 |
1992   0.6764 |
1993   0.4109 |
1994   0.4474 |
1995   0.3749 |
1996   0.4657 |
1997   0.4596 |
1998   0.4317 |
1999   0.4317 |
2000   0.4317 |

EV SCALAR COMPARISONS FOR STOCK           PSF
-------------------------------------------------
Comparisons in relation to EVs generated by 1st OP6 file

     0021B    |
Year  EV Sclr |
====  ========|
1979   0.5264 |
1980   0.6359 |
1981   0.5216 |
1982   0.5105 |
1983   0.5578 |
1984   0.5687 |
1985   0.6549 |
1986   0.6074 |
1987   0.3506 |
1988   0.2436 |
1989   0.1953 |
1990   0.2920 |
1991   0.4921 |
1992   0.5645 |
1993   0.4851 |
1994   0.2929 |
1995   0.2298 |
1996   0.2953 |
1997   0.3440 |
1998   0.3294 |
1999   0.3294 |
2000   0.3294 |

EV SCALAR COMPARISONS FOR STOCK           PSN
-------------------------------------------------
Comparisons in relation to EVs generated by 1st OP6 file

     0021B    |
Year  EV Sclr |
====  ========|
1979   0.8982 |
1980   1.0463 |
1981   1.1374 |
1982   1.4025 |
1983   1.5766 |
1984   1.6326 |
1985   1.6728 |
1986   1.8803 |
1987   1.2872 |
1988   0.8836 |
1989   0.7118 |
1990   0.7601 |
1991   0.8507 |
1992   0.8476 |
1993   0.6743 |
1994   0.5971 |
1995   0.5494 |
1996   0.3679 |
1997   0.2896 |
1998   0.4957 |
1999   0.4957 |
2000   0.4957 |

EV SCALAR COMPARISONS FOR STOCK           PSY
-------------------------------------------------
Comparisons in relation to EVs generated by 1st OP6 file

     0021B    |
Year  EV Sclr |
====  ========|
1979   0.5264 |
1980   0.6359 |
1981   0.5216 |
1982   0.5105 |
1983   0.5578 |
1984   0.5687 |
1985   0.6549 |
1986   0.6074 |
1987   0.3506 |
1988   0.2436 |
1989   0.1953 |
1990   0.2920 |
1991   0.4921 |
1992   0.5645 |
1993   0.4851 |
1994   0.2929 |
1995   0.2298 |
1996   0.2953 |
1997   0.3440 |
1998   0.3294 |
1999   0.3294 |
2000   0.3294 |

EV SCALAR COMPARISONS FOR STOCK           NKS
-------------------------------------------------
Comparisons in relation to EVs generated by 1st OP6 file

     0021B    |
Year  EV Sclr |
====  ========|
1979   0.4812 |
1980   0.1693 |
1981   0.3309 |
1982   0.2647 |
1983   0.3270 |
1984   0.3844 |
1985   0.2953 |
1986   0.2953 |
1987   0.2953 |
1988   0.2953 |
1989   0.2953 |
1990   0.2953 |
1991   0.2953 |
1992   0.2953 |
1993   0.2953 |
1994   0.2953 |
1995   0.2953 |
1996   0.2953 |
1997   0.2953 |
1998   0.2953 |
1999   0.2953 |
2000   0.2953 |

EV SCALAR COMPARISONS FOR STOCK           SKG
-------------------------------------------------
Comparisons in relation to EVs generated by 1st OP6 file

     0021B    |
Year  EV Sclr |
====  ========|
1979   1.2524 |
1980   0.8768 |
1981   2.5198 |
1982   1.4429 |
1983   0.6641 |
1984   1.1376 |
1985   0.8291 |
1986   1.1791 |
1987   0.5403 |
1988   0.5347 |
1989   0.3821 |
1990   0.3976 |
1991   0.5944 |
1992   0.6941 |
1993   0.5960 |
1994   0.6982 |
1995   0.4172 |
1996   0.3114 |
1997   0.5434 |
1998   0.5434 |
1999   0.5434 |
2000   0.5434 |

EV SCALAR COMPARISONS FOR STOCK           STL
-------------------------------------------------
Comparisons in relation to EVs generated by 1st OP6 file

     0021B    |
Year  EV Sclr |
====  ========|
1979   0.5620 |
1980   0.5124 |
1981   1.2296 |
1982   1.5318 |
1983   1.6296 |
1984   0.9492 |
1985   0.5231 |
1986   0.5331 |
1987   0.8646 |
1988   0.8151 |
1989   0.7275 |
1990   0.6432 |
1991   0.5602 |
1992   0.8356 |
1993   0.7518 |
1994   0.7117 |
1995   0.6532 |
1996   0.8411 |
1997   0.9235 |
1998   0.7763 |
1999   0.7763 |
2000   0.7763 |

EV SCALAR COMPARISONS FOR STOCK           SNO
-------------------------------------------------
Comparisons in relation to EVs generated by 1st OP6 file

     0021B    |
Year  EV Sclr |
====  ========|
1979   0.8021 |
1980   0.6556 |
1981   0.6598 |
1982   0.5505 |
1983   0.5182 |
1984   0.4814 |
1985   0.4223 |
1986   0.4412 |
1987   0.3350 |
1988   0.2891 |
1989   0.3421 |
1990   0.3491 |
1991   0.3651 |
1992   0.4167 |
1993   0.3052 |
1994   0.2967 |
1995   0.3007 |
1996   0.3249 |
1997   0.3612 |
1998   0.3177 |
1999   0.3177 |
2000   0.3177 |

EV SCALAR COMPARISONS FOR STOCK           WCH
-------------------------------------------------
Comparisons in relation to EVs generated by 1st OP6 file

     0021B    |
Year  EV Sclr |
====  ========|
1979   0.7496 |
1980   0.8225 |
1981   0.9329 |
1982   0.9201 |
1983   2.2598 |
1984   1.2272 |
1985   1.6259 |
1986   1.6116 |
1987   0.6697 |
1988   0.5280 |
1989   0.5949 |
1990   0.7430 |
1991   0.5975 |
1992   0.5012 |
1993   0.4034 |
1994   0.2757 |
1995   0.2086 |
1996   0.2017 |
1997   0.3181 |
1998   0.3181 |
1999   0.3181 |
2000   0.3181 |

EV SCALAR COMPARISONS FOR STOCK           URB
-------------------------------------------------
Comparisons in relation to EVs generated by 1st OP6 file

     0021B    |
Year  EV Sclr |
====  ========|
1979   1.6948 |
1980   3.6373 |
1981   3.5136 |
1982   6.3976 |
1983   8.2612 |
1984   8.0560 |
1985   3.3563 |
1986   3.6913 |
1987   1.2236 |
1988   1.5063 |
1989   2.5455 |
1990   2.6695 |
1991   0.7149 |
1992   1.8081 |
1993   3.7203 |
1994   1.0329 |
1995   3.7325 |
1996   2.7801 |
1997   3.7016 |
1998   2.9935 |
1999   2.9935 |
2000   2.9935 |

EV SCALAR COMPARISONS FOR STOCK           SPR
-------------------------------------------------
Comparisons in relation to EVs generated by 1st OP6 file

     0021B    |
Year  EV Sclr |
====  ========|
1979   1.4756 |
1980   0.3067 |
1981   0.5002 |
1982   0.2847 |
1983   0.1541 |
1984   0.1241 |
1985   0.4055 |
1986   1.1064 |
1987   0.8539 |
1988   2.3856 |
1989   0.8254 |
1990   0.3321 |
1991   0.1020 |
1992   0.2052 |
1993   0.2491 |
1994   0.1231 |
1995   0.1383 |
1996   0.4845 |
1997   0.0608 |
1998   0.2112 |
1999   0.2112 |
2000   0.2112 |

EV SCALAR COMPARISONS FOR STOCK           BON
-------------------------------------------------
Comparisons in relation to EVs generated by 1st OP6 file

     0021B    |
Year  EV Sclr |
====  ========|
1979   0.6702 |
1980   0.5976 |
1981   0.5199 |
1982   0.5458 |
1983   0.8715 |
1984   2.7530 |
1985   0.7234 |
1986   0.4522 |
1987   0.2279 |
1988   0.2927 |
1989   0.3110 |
1990   0.2018 |
1991   0.1272 |
1992   0.1859 |
1993   0.2453 |
1994   0.0800 |
1995   0.1119 |
1996   0.1298 |
1997   0.0503 |
1998   0.1235 |
1999   0.1235 |
2000   0.1235 |

EV SCALAR COMPARISONS FOR STOCK           CWF
-------------------------------------------------
Comparisons in relation to EVs generated by 1st OP6 file

     0021B    |
Year  EV Sclr |
====  ========|
1979   0.6702 |
1980   0.5976 |
1981   0.5199 |
1982   0.5458 |
1983   0.8715 |
1984   2.7530 |
1985   0.7234 |
1986   0.4522 |
1987   0.2279 |
1988   0.2927 |
1989   0.3110 |
1990   0.2018 |
1991   0.1272 |
1992   0.1859 |
1993   0.2453 |
1994   0.0800 |
1995   0.1119 |
1996   0.1298 |
1997   0.0503 |
1998   0.1235 |
1999   0.1235 |
2000   0.1235 |

EV SCALAR COMPARISONS FOR STOCK           LRW
-------------------------------------------------
Comparisons in relation to EVs generated by 1st OP6 file

     0021B    |
Year  EV Sclr |
====  ========|
1979   2.9599 |
1980   3.3938 |
1981   2.3836 |
1982   1.5539 |
1983   2.8199 |
1984   3.8323 |
1985   1.8059 |
1986   1.5072 |
1987   1.8809 |
1988   2.9002 |
1989   1.3960 |
1990   1.7986 |
1991   0.8111 |
1992   0.9087 |
1993   1.0115 |
1994   0.1926 |
1995   0.2092 |
1996   0.3772 |
1997   0.2775 |
1998   0.4136 |
1999   0.4136 |
2000   0.4136 |

EV SCALAR COMPARISONS FOR STOCK           WSH
-------------------------------------------------
Comparisons in relation to EVs generated by 1st OP6 file

     0021B    |
Year  EV Sclr |
====  ========|
1979   1.1940 |
1980  11.1097 |
1981  10.6556 |
1982   7.9592 |
1983  10.4955 |
1984  13.9594 |
1985  16.9596 |
1986  14.3629 |
1987  17.8791 |
1988  12.6095 |
1989   8.2553 |
1990   6.4453 |
1991   6.5364 |
1992   4.3833 |
1993   3.8485 |
1994   5.5128 |
1995   5.6504 |
1996   6.9590 |
1997   6.3991 |
1998   5.6740 |
1999   5.6740 |
2000   5.6740 |

EV SCALAR COMPARISONS FOR STOCK           CWS
-------------------------------------------------
Comparisons in relation to EVs generated by 1st OP6 file

     0021B    |
Year  EV Sclr |
====  ========|
1979   0.6370 |
1980   1.7731 |
1981   1.5442 |
1982   0.7936 |
1983   1.1694 |
1984  18.4578 |
1985   7.8604 |
1986  23.6384 |
1987  43.8464 |
1988   1.3421 |
1989   1.3151 |
1990  23.0318 |
1991  15.4268 |
1992   6.8619 |
1993   2.3379 |
1994  10.8400 |
1995   6.1563 |
1996   1.0699 |
1997   0.2566 |
1998   4.1321 |
1999   4.1321 |
2000   4.1321 |

EV SCALAR COMPARISONS FOR STOCK           SUM
-------------------------------------------------
Comparisons in relation to EVs generated by 1st OP6 file

     0021B    |
Year  EV Sclr |
====  ========|
1979   0.4040 |
1980   0.4854 |
1981   0.4321 |
1982   0.4922 |
1983   0.5233 |
1984   0.5044 |
1985   0.4408 |
1986   0.3843 |
1987   0.2671 |
1988   0.2607 |
1989   0.3418 |
1990   0.3171 |
1991   0.2708 |
1992   0.2591 |
1993   0.3127 |
1994   0.3177 |
1995   0.4353 |
1996   0.6285 |
1997   0.7408 |
1998   0.4870 |
1999   0.4870 |
2000   0.4870 |

EV SCALAR COMPARISONS FOR STOCK           ORC
-------------------------------------------------
Comparisons in relation to EVs generated by 1st OP6 file

     0021B    |
Year  EV Sclr |
====  ========|
1979   1.2309 |
1980   1.3906 |
1981   1.3644 |
1982   1.8068 |
1983   1.9358 |
1984   1.5242 |
1985   0.9580 |
1986   0.9834 |
1987   1.0096 |
1988   0.6681 |
1989   0.9287 |
1990   1.0232 |
1991   0.6211 |
1992   0.6584 |
1993   0.8075 |
1994   0.5786 |
1995   0.6949 |
1996   0.6690 |
1997   0.6387 |
1998   0.6777 |
1999   0.6777 |
2000   0.6777 |

EV SCALAR COMPARISONS FOR STOCK           WCN
-------------------------------------------------
Comparisons in relation to EVs generated by 1st OP6 file

     0021B    |
Year  EV Sclr |
====  ========|
1979   0.8861 |
1980   0.8670 |
1981   1.0772 |
1982   1.5304 |
1983   1.7975 |
1984   1.4946 |
1985   1.8166 |
1986   1.4456 |
1987   1.1713 |
1988   0.9778 |
1989   0.9990 |
1990   0.9044 |
1991   0.8531 |
1992   0.8269 |
1993   0.9730 |
1994   0.7048 |
1995   0.6439 |
1996   0.5378 |
1997   0.7373 |
1998   0.7373 |
1999   0.7373 |
2000   0.7373 |

EV SCALAR COMPARISONS FOR STOCK           LYF
-------------------------------------------------
Comparisons in relation to EVs generated by 1st OP6 file

     0021B    |
Year  EV Sclr |
====  ========|
1979   2.0828 |
1980   1.3837 |
1981   1.3657 |
1982   1.8134 |
1983   2.2989 |
1984   1.7676 |
1985   2.3075 |
1986   1.9824 |
1987   1.5705 |
1988   3.2324 |
1989   2.7934 |
1990   2.8264 |
1991   2.6376 |
1992   1.2876 |
1993   1.1152 |
1994   1.1362 |
1995   2.0227 |
1996   5.0102 |
1997   2.1144 |
1998   2.1144 |
1999   2.1144 |
2000   2.1144 |

EV SCALAR COMPARISONS FOR STOCK           MCB
-------------------------------------------------
Comparisons in relation to EVs generated by 1st OP6 file

     0021B    |
Year  EV Sclr |
====  ========|
1979  23.3114 |
1980   0.9890 |
1981   0.1213 |
1982   0.2510 |
1983   0.6044 |
1984   1.4944 |
1985   1.2741 |
1986   0.6831 |
1987   0.1047 |
1988   0.1007 |
1989   0.0931 |
1990   0.1001 |
1991   0.0865 |
1992   0.1761 |
1993   0.3384 |
1994   0.0861 |
1995   0.2102 |
1996   0.2191 |
1997   0.1683 |
1998   0.2044 |
1999   0.2044 |
2000   0.2044 |

Age-Statistc            Total-Stats 
Stock Group    0021B.OP7   0021B.OP7
========================
